<html>
<head>
<title>TestNG:  Default test</title>
<link href="../testng.css" rel="stylesheet" type="text/css" />
<link href="../my-testng.css" rel="stylesheet" type="text/css" />

<style type="text/css">
.log { display: none;} 
.stack-trace { display: none;} 
</style>
<script type="text/javascript">
<!--
function flip(e) {
  current = e.style.display;
  if (current == 'block') {
    e.style.display = 'none';
    return 0;
  }
  else {
    e.style.display = 'block';
    return 1;
  }
}

function toggleBox(szDivId, elem, msg1, msg2)
{
  var res = -1;  if (document.getElementById) {
    res = flip(document.getElementById(szDivId));
  }
  else if (document.all) {
    // this is the way old msie versions work
    res = flip(document.all[szDivId]);
  }
  if(elem) {
    if(res == 0) elem.innerHTML = msg1; else elem.innerHTML = msg2;
  }

}

function toggleAllBoxes() {
  if (document.getElementsByTagName) {
    d = document.getElementsByTagName('div');
    for (i = 0; i < d.length; i++) {
      if (d[i].className == 'log') {
        flip(d[i]);
      }
    }
  }
}

// -->
</script>

</head>
<body>
<h2 align='center'>Default test</h2><table border='1' align="center">
<tr>
<td>Tests passed/Failed/Skipped:</td><td>0/0/1</td>
</tr><tr>
<td>Started on:</td><td>Tue Jan 27 11:20:22 IST 2026</td>
</tr>
<tr><td>Total time:</td><td>21 seconds (21681 ms)</td>
</tr><tr>
<td>Included groups:</td><td></td>
</tr><tr>
<td>Excluded groups:</td><td></td>
</tr>
</table><p/>
<small><i>(Hover the method name to see the test class name)</i></small><p/>
<table width='100%' border='1' class='invocation-failed'>
<tr><td colspan='4' align='center'><b>FAILED CONFIGURATIONS</b></td></tr>
<tr><td><b>Test method</b></td>
<td><b>Attribute(s)</b></td>
<td width="30%"><b>Exception</b></td>
<td width="10%"><b>Time (seconds)</b></td>
<td><b>Instance</b></td>
</tr>
<tr>
<td title='com.apm.SeekBarDemo.base()'><b>base</b><br>Test class: com.apm.SeekBarDemo</td>
<td><div><pre>io.appium.java_client.service.local.AppiumServerHasNotBeenStartedLocallyException: [The local appium server has not been started, Reason: Timed out waiting for [http://127.0.0.1:4723/status] to be available after 20015 ms, Consider increasing the server startup timeout value (currently 20000ms), Node.js executable path: C:\Program Files\nodejs\node.exe, Arguments: [C:\Users\Tops\AppData\Roaming\npm\node_modules\appium\build\lib\main.js, --port, 4723, --address, 127.0.0.1], Output: dbug Appium Parsed manifest file at C:\Users\Tops\.appium\node_modules\.cache\appium\extensions.yaml: {
dbug Appium   &quot;drivers&quot;: {
dbug Appium     &quot;uiautomator2&quot;: {
dbug Appium       &quot;pkgName&quot;: &quot;appium-uiautomator2-driver&quot;,
dbug Appium       &quot;version&quot;: &quot;4.2.9&quot;,
dbug Appium       &quot;installType&quot;: &quot;npm&quot;,
dbug Appium       &quot;installSpec&quot;: &quot;uiautomator2&quot;,
dbug Appium       &quot;installPath&quot;: &quot;C:\\Users\\Tops\\.appium\\node_modules\\appium-uiautomator2-driver&quot;,
dbug Appium       &quot;appiumVersion&quot;: &quot;^2.4.1 || ^3.0.0-beta.0&quot;,
dbug Appium       &quot;automationName&quot;: &quot;UiAutomator2&quot;,
dbug Appium       &quot;platformNames&quot;: [
dbug Appium         &quot;Android&quot;
dbug Appium       ],
dbug Appium       &quot;mainClass&quot;: &quot;AndroidUiautomator2Driver&quot;,
dbug Appium       &quot;scripts&quot;: {
dbug Appium         &quot;reset&quot;: &quot;scripts/reset.js&quot;
dbug Appium       },
dbug Appium       &quot;doctor&quot;: {
dbug Appium         &quot;checks&quot;: [
dbug Appium           &quot;./build/lib/doctor/required-checks.js&quot;,
dbug Appium           &quot;./build/lib/doctor/optional-checks.js&quot;
dbug Appium         ]
dbug Appium       }
dbug Appium     },
dbug Appium     &quot;xcuitest&quot;: {
dbug Appium       &quot;pkgName&quot;: &quot;appium-xcuitest-driver&quot;,
dbug Appium       &quot;version&quot;: &quot;9.10.5&quot;,
dbug Appium       &quot;installType&quot;: &quot;npm&quot;,
dbug Appium       &quot;installSpec&quot;: &quot;xcuitest&quot;,
dbug Appium       &quot;installPath&quot;: &quot;C:\\Users\\Tops\\.appium\\node_modules\\appium-xcuitest-driver&quot;,
dbug Appium       &quot;appiumVersion&quot;: &quot;^2.5.4&quot;,
dbug Appium       &quot;automationName&quot;: &quot;XCUITest&quot;,
dbug Appium       &quot;platformNames&quot;: [
dbug Appium         &quot;iOS&quot;,
dbug Appium         &quot;tvOS&quot;
dbug Appium       ],
dbug Appium       &quot;mainClass&quot;: &quot;XCUITestDriver&quot;,
dbug Appium       &quot;scripts&quot;: {
dbug Appium         &quot;build-wda&quot;: &quot;./scripts/build-wda.js&quot;,
dbug Appium         &quot;open-wda&quot;: &quot;./scripts/open-wda.js&quot;,
dbug Appium         &quot;tunnel-creation&quot;: &quot;./scripts/tunnel-creation.mjs&quot;,
dbug Appium         &quot;download-wda-sim&quot;: &quot;./scripts/download-wda-sim.mjs&quot;
dbug Appium       },
dbug Appium       &quot;schema&quot;: {
dbug Appium         &quot;$schema&quot;: &quot;http://json-schema.org/draft-07/schema&quot;,
dbug Appium         &quot;type&quot;: &quot;object&quot;,
dbug Appium         &quot;properties&quot;: {
dbug Appium           &quot;webdriveragent-port&quot;: {
dbug Appium             &quot;appiumCliDest&quot;: &quot;wdaLocalPort&quot;,
dbug Appium             &quot;default&quot;: 8100,
dbug Appium             &quot;description&quot;: &quot;Local port used for communication with WebDriverAgent&quot;,
dbug Appium             &quot;maximum&quot;: 65535,
dbug Appium             &quot;minimum&quot;: 1,
dbug Appium             &quot;type&quot;: &quot;integer&quot;
dbug Appium           }
dbug Appium         },
dbug Appium         &quot;additionalProperties&quot;: false,
dbug Appium         &quot;title&quot;: &quot;XCUITest Driver Configuration&quot;,
dbug Appium         &quot;description&quot;: &quot;Appium configuration schema for the XCUITest driver.&quot;,
dbug Appium         &quot;$id&quot;: &quot;driver-xcuitest.json&quot;
dbug Appium       },
dbug Appium       &quot;doctor&quot;: {
dbug Appium         &quot;checks&quot;: [
dbug Appium           &quot;./build/lib/doctor/required-checks.js&quot;,
dbug Appium           &quot;./build/lib/doctor/optional-checks.js&quot;
dbug Appium         ]
dbug Appium       }
dbug Appium     }
dbug Appium   },
dbug Appium   &quot;plugins&quot;: {},
dbug Appium   &quot;schemaRev&quot;: 4
dbug Appium }
info Appium Welcome to Appium v2.5.4
info Appium Non-default server args:
info Appium { address: [32m&apos;127.0.0.1&apos;[39m }
dbug Appium The autodetected Appium home path: C:\Users\Tops\.appium
info Appium Attempting to load driver uiautomator2...
info Appium Attempting to load driver xcuitest...
dbug Appium Requiring driver at C:\Users\Tops\.appium\node_modules\appium-uiautomator2-driver\build\index.js
]
	at io.appium.java_client.service.local.AppiumDriverLocalService.start(AppiumDriverLocalService.java:203)
	at com.apm.FirstDemo.base(FirstDemo.java:43)
	at java.base/jdk.internal.reflect.DirectMethodHandleAccessor.invoke(DirectMethodHandleAccessor.java:104)
	at java.base/java.lang.reflect.Method.invoke(Method.java:565)
	at org.testng.internal.invokers.MethodInvocationHelper.invokeMethod(MethodInvocationHelper.java:139)
	at org.testng.internal.invokers.MethodInvocationHelper.invokeMethodConsideringTimeout(MethodInvocationHelper.java:69)
	at org.testng.internal.invokers.ConfigInvoker.invokeConfigurationMethod(ConfigInvoker.java:390)
	at org.testng.internal.invokers.ConfigInvoker.invokeConfigurations(ConfigInvoker.java:325)
	at org.testng.internal.invokers.TestMethodWorker.invokeBeforeClassMethods(TestMethodWorker.java:180)
	at org.testng.internal.invokers.TestMethodWorker.run(TestMethodWorker.java:122)
	at java.base/java.util.ArrayList.forEach(ArrayList.java:1604)
	at org.testng.TestRunner.privateRun(TestRunner.java:848)
	at org.testng.TestRunner.run(TestRunner.java:621)
	at org.testng.SuiteRunner.runTest(SuiteRunner.java:443)
	at org.testng.SuiteRunner.runSequentially(SuiteRunner.java:437)
	at org.testng.SuiteRunner.privateRun(SuiteRunner.java:397)
	at org.testng.SuiteRunner.run(SuiteRunner.java:336)
	at org.testng.SuiteRunnerWorker.runSuite(SuiteRunnerWorker.java:52)
	at org.testng.SuiteRunnerWorker.run(SuiteRunnerWorker.java:95)
	at org.testng.TestNG.runSuitesSequentially(TestNG.java:1280)
	at org.testng.TestNG.runSuitesLocally(TestNG.java:1200)
	at org.testng.TestNG.runSuites(TestNG.java:1114)
	at org.testng.TestNG.run(TestNG.java:1082)
	at org.testng.remote.AbstractRemoteTestNG.run(AbstractRemoteTestNG.java:115)
	at org.testng.remote.RemoteTestNG.initAndRun(RemoteTestNG.java:293)
	at org.testng.remote.RemoteTestNG.main(RemoteTestNG.java:91)
Caused by: org.openqa.selenium.net.UrlChecker$TimeoutException: Timed out waiting for [http://127.0.0.1:4723/status] to be available after 20015 ms
	at org.openqa.selenium.net.UrlChecker.waitUntilAvailable(UrlChecker.java:94)
	at io.appium.java_client.service.local.AppiumDriverLocalService.ping(AppiumDriverLocalService.java:157)
	at io.appium.java_client.service.local.AppiumDriverLocalService.start(AppiumDriverLocalService.java:182)
	... 25 more
Caused by: java.util.concurrent.TimeoutException
	at java.base/java.util.concurrent.FutureTask.get(FutureTask.java:206)
	at org.openqa.selenium.net.UrlChecker.waitUntilAvailable(UrlChecker.java:91)
	... 27 more
</pre></div><a href='#' onClick='toggleBox("stack-trace1770642014", this, "Click to show all stack frames", "Click to hide stack frames")'>Click to show all stack frames</a>
<div class='stack-trace' id='stack-trace1770642014'><pre>io.appium.java_client.service.local.AppiumServerHasNotBeenStartedLocallyException: [The local appium server has not been started, Reason: Timed out waiting for [http://127.0.0.1:4723/status] to be available after 20015 ms, Consider increasing the server startup timeout value (currently 20000ms), Node.js executable path: C:\Program Files\nodejs\node.exe, Arguments: [C:\Users\Tops\AppData\Roaming\npm\node_modules\appium\build\lib\main.js, --port, 4723, --address, 127.0.0.1], Output: dbug Appium Parsed manifest file at C:\Users\Tops\.appium\node_modules\.cache\appium\extensions.yaml: {
dbug Appium   &quot;drivers&quot;: {
dbug Appium     &quot;uiautomator2&quot;: {
dbug Appium       &quot;pkgName&quot;: &quot;appium-uiautomator2-driver&quot;,
dbug Appium       &quot;version&quot;: &quot;4.2.9&quot;,
dbug Appium       &quot;installType&quot;: &quot;npm&quot;,
dbug Appium       &quot;installSpec&quot;: &quot;uiautomator2&quot;,
dbug Appium       &quot;installPath&quot;: &quot;C:\\Users\\Tops\\.appium\\node_modules\\appium-uiautomator2-driver&quot;,
dbug Appium       &quot;appiumVersion&quot;: &quot;^2.4.1 || ^3.0.0-beta.0&quot;,
dbug Appium       &quot;automationName&quot;: &quot;UiAutomator2&quot;,
dbug Appium       &quot;platformNames&quot;: [
dbug Appium         &quot;Android&quot;
dbug Appium       ],
dbug Appium       &quot;mainClass&quot;: &quot;AndroidUiautomator2Driver&quot;,
dbug Appium       &quot;scripts&quot;: {
dbug Appium         &quot;reset&quot;: &quot;scripts/reset.js&quot;
dbug Appium       },
dbug Appium       &quot;doctor&quot;: {
dbug Appium         &quot;checks&quot;: [
dbug Appium           &quot;./build/lib/doctor/required-checks.js&quot;,
dbug Appium           &quot;./build/lib/doctor/optional-checks.js&quot;
dbug Appium         ]
dbug Appium       }
dbug Appium     },
dbug Appium     &quot;xcuitest&quot;: {
dbug Appium       &quot;pkgName&quot;: &quot;appium-xcuitest-driver&quot;,
dbug Appium       &quot;version&quot;: &quot;9.10.5&quot;,
dbug Appium       &quot;installType&quot;: &quot;npm&quot;,
dbug Appium       &quot;installSpec&quot;: &quot;xcuitest&quot;,
dbug Appium       &quot;installPath&quot;: &quot;C:\\Users\\Tops\\.appium\\node_modules\\appium-xcuitest-driver&quot;,
dbug Appium       &quot;appiumVersion&quot;: &quot;^2.5.4&quot;,
dbug Appium       &quot;automationName&quot;: &quot;XCUITest&quot;,
dbug Appium       &quot;platformNames&quot;: [
dbug Appium         &quot;iOS&quot;,
dbug Appium         &quot;tvOS&quot;
dbug Appium       ],
dbug Appium       &quot;mainClass&quot;: &quot;XCUITestDriver&quot;,
dbug Appium       &quot;scripts&quot;: {
dbug Appium         &quot;build-wda&quot;: &quot;./scripts/build-wda.js&quot;,
dbug Appium         &quot;open-wda&quot;: &quot;./scripts/open-wda.js&quot;,
dbug Appium         &quot;tunnel-creation&quot;: &quot;./scripts/tunnel-creation.mjs&quot;,
dbug Appium         &quot;download-wda-sim&quot;: &quot;./scripts/download-wda-sim.mjs&quot;
dbug Appium       },
dbug Appium       &quot;schema&quot;: {
dbug Appium         &quot;$schema&quot;: &quot;http://json-schema.org/draft-07/schema&quot;,
dbug Appium         &quot;type&quot;: &quot;object&quot;,
dbug Appium         &quot;properties&quot;: {
dbug Appium           &quot;webdriveragent-port&quot;: {
dbug Appium             &quot;appiumCliDest&quot;: &quot;wdaLocalPort&quot;,
dbug Appium             &quot;default&quot;: 8100,
dbug Appium             &quot;description&quot;: &quot;Local port used for communication with WebDriverAgent&quot;,
dbug Appium             &quot;maximum&quot;: 65535,
dbug Appium             &quot;minimum&quot;: 1,
dbug Appium             &quot;type&quot;: &quot;integer&quot;
dbug Appium           }
dbug Appium         },
dbug Appium         &quot;additionalProperties&quot;: false,
dbug Appium         &quot;title&quot;: &quot;XCUITest Driver Configuration&quot;,
dbug Appium         &quot;description&quot;: &quot;Appium configuration schema for the XCUITest driver.&quot;,
dbug Appium         &quot;$id&quot;: &quot;driver-xcuitest.json&quot;
dbug Appium       },
dbug Appium       &quot;doctor&quot;: {
dbug Appium         &quot;checks&quot;: [
dbug Appium           &quot;./build/lib/doctor/required-checks.js&quot;,
dbug Appium           &quot;./build/lib/doctor/optional-checks.js&quot;
dbug Appium         ]
dbug Appium       }
dbug Appium     }
dbug Appium   },
dbug Appium   &quot;plugins&quot;: {},
dbug Appium   &quot;schemaRev&quot;: 4
dbug Appium }
info Appium Welcome to Appium v2.5.4
info Appium Non-default server args:
info Appium { address: [32m&apos;127.0.0.1&apos;[39m }
dbug Appium The autodetected Appium home path: C:\Users\Tops\.appium
info Appium Attempting to load driver uiautomator2...
info Appium Attempting to load driver xcuitest...
dbug Appium Requiring driver at C:\Users\Tops\.appium\node_modules\appium-uiautomator2-driver\build\index.js
]
	at io.appium.java_client.service.local.AppiumDriverLocalService.start(AppiumDriverLocalService.java:203)
	at com.apm.FirstDemo.base(FirstDemo.java:43)
	at java.base/jdk.internal.reflect.DirectMethodHandleAccessor.invoke(DirectMethodHandleAccessor.java:104)
	at java.base/java.lang.reflect.Method.invoke(Method.java:565)
	at org.testng.internal.invokers.MethodInvocationHelper.invokeMethod(MethodInvocationHelper.java:139)
	at org.testng.internal.invokers.MethodInvocationHelper.invokeMethodConsideringTimeout(MethodInvocationHelper.java:69)
	at org.testng.internal.invokers.ConfigInvoker.invokeConfigurationMethod(ConfigInvoker.java:390)
	at org.testng.internal.invokers.ConfigInvoker.invokeConfigurations(ConfigInvoker.java:325)
	at org.testng.internal.invokers.TestMethodWorker.invokeBeforeClassMethods(TestMethodWorker.java:180)
	at org.testng.internal.invokers.TestMethodWorker.run(TestMethodWorker.java:122)
	at java.base/java.util.ArrayList.forEach(ArrayList.java:1604)
	at org.testng.TestRunner.privateRun(TestRunner.java:848)
	at org.testng.TestRunner.run(TestRunner.java:621)
	at org.testng.SuiteRunner.runTest(SuiteRunner.java:443)
	at org.testng.SuiteRunner.runSequentially(SuiteRunner.java:437)
	at org.testng.SuiteRunner.privateRun(SuiteRunner.java:397)
	at org.testng.SuiteRunner.run(SuiteRunner.java:336)
	at org.testng.SuiteRunnerWorker.runSuite(SuiteRunnerWorker.java:52)
	at org.testng.SuiteRunnerWorker.run(SuiteRunnerWorker.java:95)
	at org.testng.TestNG.runSuitesSequentially(TestNG.java:1280)
	at org.testng.TestNG.runSuitesLocally(TestNG.java:1200)
	at org.testng.TestNG.runSuites(TestNG.java:1114)
	at org.testng.TestNG.run(TestNG.java:1082)
	at org.testng.remote.AbstractRemoteTestNG.run(AbstractRemoteTestNG.java:115)
	at org.testng.remote.RemoteTestNG.initAndRun(RemoteTestNG.java:293)
	at org.testng.remote.RemoteTestNG.main(RemoteTestNG.java:91)
Caused by: org.openqa.selenium.net.UrlChecker$TimeoutException: Timed out waiting for [http://127.0.0.1:4723/status] to be available after 20015 ms
	at org.openqa.selenium.net.UrlChecker.waitUntilAvailable(UrlChecker.java:94)
	at io.appium.java_client.service.local.AppiumDriverLocalService.ping(AppiumDriverLocalService.java:157)
	at io.appium.java_client.service.local.AppiumDriverLocalService.start(AppiumDriverLocalService.java:182)
	... 25 more
Caused by: java.util.concurrent.TimeoutException
	at java.base/java.util.concurrent.FutureTask.get(FutureTask.java:206)
	at org.openqa.selenium.net.UrlChecker.waitUntilAvailable(UrlChecker.java:91)
	... 27 more
</pre></div></td>
<td>21</td>
<td>com.apm.SeekBarDemo@6379eb</td></tr>
</table><p>
<table width='100%' border='1' class='invocation-skipped'>
<tr><td colspan='4' align='center'><b>SKIPPED CONFIGURATIONS</b></td></tr>
<tr><td><b>Test method</b></td>
<td><b>Attribute(s)</b></td>
<td width="30%"><b>Exception</b></td>
<td width="10%"><b>Time (seconds)</b></td>
<td><b>Instance</b></td>
</tr>
<tr>
<td title='com.apm.SeekBarDemo.close()'><b>close</b><br>Test class: com.apm.SeekBarDemo</td>
<td></td>
<td>0</td>
<td>com.apm.SeekBarDemo@6379eb</td></tr>
</table><p>
<table width='100%' border='1' class='invocation-skipped'>
<tr><td colspan='4' align='center'><b>SKIPPED TESTS</b></td></tr>
<tr><td><b>Test method</b></td>
<td><b>Attribute(s)</b></td>
<td width="30%"><b>Exception</b></td>
<td width="10%"><b>Time (seconds)</b></td>
<td><b>Instance</b></td>
</tr>
<tr>
<td title='com.apm.SeekBarDemo.sb()'><b>sb</b><br>Test class: com.apm.SeekBarDemo</td>
<td><div><pre>io.appium.java_client.service.local.AppiumServerHasNotBeenStartedLocallyException: [The local appium server has not been started, Reason: Timed out waiting for [http://127.0.0.1:4723/status] to be available after 20015 ms, Consider increasing the server startup timeout value (currently 20000ms), Node.js executable path: C:\Program Files\nodejs\node.exe, Arguments: [C:\Users\Tops\AppData\Roaming\npm\node_modules\appium\build\lib\main.js, --port, 4723, --address, 127.0.0.1], Output: dbug Appium Parsed manifest file at C:\Users\Tops\.appium\node_modules\.cache\appium\extensions.yaml: {
dbug Appium   &quot;drivers&quot;: {
dbug Appium     &quot;uiautomator2&quot;: {
dbug Appium       &quot;pkgName&quot;: &quot;appium-uiautomator2-driver&quot;,
dbug Appium       &quot;version&quot;: &quot;4.2.9&quot;,
dbug Appium       &quot;installType&quot;: &quot;npm&quot;,
dbug Appium       &quot;installSpec&quot;: &quot;uiautomator2&quot;,
dbug Appium       &quot;installPath&quot;: &quot;C:\\Users\\Tops\\.appium\\node_modules\\appium-uiautomator2-driver&quot;,
dbug Appium       &quot;appiumVersion&quot;: &quot;^2.4.1 || ^3.0.0-beta.0&quot;,
dbug Appium       &quot;automationName&quot;: &quot;UiAutomator2&quot;,
dbug Appium       &quot;platformNames&quot;: [
dbug Appium         &quot;Android&quot;
dbug Appium       ],
dbug Appium       &quot;mainClass&quot;: &quot;AndroidUiautomator2Driver&quot;,
dbug Appium       &quot;scripts&quot;: {
dbug Appium         &quot;reset&quot;: &quot;scripts/reset.js&quot;
dbug Appium       },
dbug Appium       &quot;doctor&quot;: {
dbug Appium         &quot;checks&quot;: [
dbug Appium           &quot;./build/lib/doctor/required-checks.js&quot;,
dbug Appium           &quot;./build/lib/doctor/optional-checks.js&quot;
dbug Appium         ]
dbug Appium       }
dbug Appium     },
dbug Appium     &quot;xcuitest&quot;: {
dbug Appium       &quot;pkgName&quot;: &quot;appium-xcuitest-driver&quot;,
dbug Appium       &quot;version&quot;: &quot;9.10.5&quot;,
dbug Appium       &quot;installType&quot;: &quot;npm&quot;,
dbug Appium       &quot;installSpec&quot;: &quot;xcuitest&quot;,
dbug Appium       &quot;installPath&quot;: &quot;C:\\Users\\Tops\\.appium\\node_modules\\appium-xcuitest-driver&quot;,
dbug Appium       &quot;appiumVersion&quot;: &quot;^2.5.4&quot;,
dbug Appium       &quot;automationName&quot;: &quot;XCUITest&quot;,
dbug Appium       &quot;platformNames&quot;: [
dbug Appium         &quot;iOS&quot;,
dbug Appium         &quot;tvOS&quot;
dbug Appium       ],
dbug Appium       &quot;mainClass&quot;: &quot;XCUITestDriver&quot;,
dbug Appium       &quot;scripts&quot;: {
dbug Appium         &quot;build-wda&quot;: &quot;./scripts/build-wda.js&quot;,
dbug Appium         &quot;open-wda&quot;: &quot;./scripts/open-wda.js&quot;,
dbug Appium         &quot;tunnel-creation&quot;: &quot;./scripts/tunnel-creation.mjs&quot;,
dbug Appium         &quot;download-wda-sim&quot;: &quot;./scripts/download-wda-sim.mjs&quot;
dbug Appium       },
dbug Appium       &quot;schema&quot;: {
dbug Appium         &quot;$schema&quot;: &quot;http://json-schema.org/draft-07/schema&quot;,
dbug Appium         &quot;type&quot;: &quot;object&quot;,
dbug Appium         &quot;properties&quot;: {
dbug Appium           &quot;webdriveragent-port&quot;: {
dbug Appium             &quot;appiumCliDest&quot;: &quot;wdaLocalPort&quot;,
dbug Appium             &quot;default&quot;: 8100,
dbug Appium             &quot;description&quot;: &quot;Local port used for communication with WebDriverAgent&quot;,
dbug Appium             &quot;maximum&quot;: 65535,
dbug Appium             &quot;minimum&quot;: 1,
dbug Appium             &quot;type&quot;: &quot;integer&quot;
dbug Appium           }
dbug Appium         },
dbug Appium         &quot;additionalProperties&quot;: false,
dbug Appium         &quot;title&quot;: &quot;XCUITest Driver Configuration&quot;,
dbug Appium         &quot;description&quot;: &quot;Appium configuration schema for the XCUITest driver.&quot;,
dbug Appium         &quot;$id&quot;: &quot;driver-xcuitest.json&quot;
dbug Appium       },
dbug Appium       &quot;doctor&quot;: {
dbug Appium         &quot;checks&quot;: [
dbug Appium           &quot;./build/lib/doctor/required-checks.js&quot;,
dbug Appium           &quot;./build/lib/doctor/optional-checks.js&quot;
dbug Appium         ]
dbug Appium       }
dbug Appium     }
dbug Appium   },
dbug Appium   &quot;plugins&quot;: {},
dbug Appium   &quot;schemaRev&quot;: 4
dbug Appium }
info Appium Welcome to Appium v2.5.4
info Appium Non-default server args:
info Appium { address: [32m&apos;127.0.0.1&apos;[39m }
dbug Appium The autodetected Appium home path: C:\Users\Tops\.appium
info Appium Attempting to load driver uiautomator2...
info Appium Attempting to load driver xcuitest...
dbug Appium Requiring driver at C:\Users\Tops\.appium\node_modules\appium-uiautomator2-driver\build\index.js
]
	at io.appium.java_client.service.local.AppiumDriverLocalService.start(AppiumDriverLocalService.java:203)
	at com.apm.FirstDemo.base(FirstDemo.java:43)
	at java.base/jdk.internal.reflect.DirectMethodHandleAccessor.invoke(DirectMethodHandleAccessor.java:104)
	at java.base/java.lang.reflect.Method.invoke(Method.java:565)
	at org.testng.internal.invokers.MethodInvocationHelper.invokeMethod(MethodInvocationHelper.java:139)
	at org.testng.internal.invokers.MethodInvocationHelper.invokeMethodConsideringTimeout(MethodInvocationHelper.java:69)
	at org.testng.internal.invokers.ConfigInvoker.invokeConfigurationMethod(ConfigInvoker.java:390)
	at org.testng.internal.invokers.ConfigInvoker.invokeConfigurations(ConfigInvoker.java:325)
	at org.testng.internal.invokers.TestMethodWorker.invokeBeforeClassMethods(TestMethodWorker.java:180)
	at org.testng.internal.invokers.TestMethodWorker.run(TestMethodWorker.java:122)
	at java.base/java.util.ArrayList.forEach(ArrayList.java:1604)
	at org.testng.TestRunner.privateRun(TestRunner.java:848)
	at org.testng.TestRunner.run(TestRunner.java:621)
	at org.testng.SuiteRunner.runTest(SuiteRunner.java:443)
	at org.testng.SuiteRunner.runSequentially(SuiteRunner.java:437)
	at org.testng.SuiteRunner.privateRun(SuiteRunner.java:397)
	at org.testng.SuiteRunner.run(SuiteRunner.java:336)
	at org.testng.SuiteRunnerWorker.runSuite(SuiteRunnerWorker.java:52)
	at org.testng.SuiteRunnerWorker.run(SuiteRunnerWorker.java:95)
	at org.testng.TestNG.runSuitesSequentially(TestNG.java:1280)
	at org.testng.TestNG.runSuitesLocally(TestNG.java:1200)
	at org.testng.TestNG.runSuites(TestNG.java:1114)
	at org.testng.TestNG.run(TestNG.java:1082)
	at org.testng.remote.AbstractRemoteTestNG.run(AbstractRemoteTestNG.java:115)
	at org.testng.remote.RemoteTestNG.initAndRun(RemoteTestNG.java:293)
	at org.testng.remote.RemoteTestNG.main(RemoteTestNG.java:91)
Caused by: org.openqa.selenium.net.UrlChecker$TimeoutException: Timed out waiting for [http://127.0.0.1:4723/status] to be available after 20015 ms
	at org.openqa.selenium.net.UrlChecker.waitUntilAvailable(UrlChecker.java:94)
	at io.appium.java_client.service.local.AppiumDriverLocalService.ping(AppiumDriverLocalService.java:157)
	at io.appium.java_client.service.local.AppiumDriverLocalService.start(AppiumDriverLocalService.java:182)
	... 25 more
Caused by: java.util.concurrent.TimeoutException
	at java.base/java.util.concurrent.FutureTask.get(FutureTask.java:206)
	at org.openqa.selenium.net.UrlChecker.waitUntilAvailable(UrlChecker.java:91)
	... 27 more
</pre></div><a href='#' onClick='toggleBox("stack-trace1947896119", this, "Click to show all stack frames", "Click to hide stack frames")'>Click to show all stack frames</a>
<div class='stack-trace' id='stack-trace1947896119'><pre>io.appium.java_client.service.local.AppiumServerHasNotBeenStartedLocallyException: [The local appium server has not been started, Reason: Timed out waiting for [http://127.0.0.1:4723/status] to be available after 20015 ms, Consider increasing the server startup timeout value (currently 20000ms), Node.js executable path: C:\Program Files\nodejs\node.exe, Arguments: [C:\Users\Tops\AppData\Roaming\npm\node_modules\appium\build\lib\main.js, --port, 4723, --address, 127.0.0.1], Output: dbug Appium Parsed manifest file at C:\Users\Tops\.appium\node_modules\.cache\appium\extensions.yaml: {
dbug Appium   &quot;drivers&quot;: {
dbug Appium     &quot;uiautomator2&quot;: {
dbug Appium       &quot;pkgName&quot;: &quot;appium-uiautomator2-driver&quot;,
dbug Appium       &quot;version&quot;: &quot;4.2.9&quot;,
dbug Appium       &quot;installType&quot;: &quot;npm&quot;,
dbug Appium       &quot;installSpec&quot;: &quot;uiautomator2&quot;,
dbug Appium       &quot;installPath&quot;: &quot;C:\\Users\\Tops\\.appium\\node_modules\\appium-uiautomator2-driver&quot;,
dbug Appium       &quot;appiumVersion&quot;: &quot;^2.4.1 || ^3.0.0-beta.0&quot;,
dbug Appium       &quot;automationName&quot;: &quot;UiAutomator2&quot;,
dbug Appium       &quot;platformNames&quot;: [
dbug Appium         &quot;Android&quot;
dbug Appium       ],
dbug Appium       &quot;mainClass&quot;: &quot;AndroidUiautomator2Driver&quot;,
dbug Appium       &quot;scripts&quot;: {
dbug Appium         &quot;reset&quot;: &quot;scripts/reset.js&quot;
dbug Appium       },
dbug Appium       &quot;doctor&quot;: {
dbug Appium         &quot;checks&quot;: [
dbug Appium           &quot;./build/lib/doctor/required-checks.js&quot;,
dbug Appium           &quot;./build/lib/doctor/optional-checks.js&quot;
dbug Appium         ]
dbug Appium       }
dbug Appium     },
dbug Appium     &quot;xcuitest&quot;: {
dbug Appium       &quot;pkgName&quot;: &quot;appium-xcuitest-driver&quot;,
dbug Appium       &quot;version&quot;: &quot;9.10.5&quot;,
dbug Appium       &quot;installType&quot;: &quot;npm&quot;,
dbug Appium       &quot;installSpec&quot;: &quot;xcuitest&quot;,
dbug Appium       &quot;installPath&quot;: &quot;C:\\Users\\Tops\\.appium\\node_modules\\appium-xcuitest-driver&quot;,
dbug Appium       &quot;appiumVersion&quot;: &quot;^2.5.4&quot;,
dbug Appium       &quot;automationName&quot;: &quot;XCUITest&quot;,
dbug Appium       &quot;platformNames&quot;: [
dbug Appium         &quot;iOS&quot;,
dbug Appium         &quot;tvOS&quot;
dbug Appium       ],
dbug Appium       &quot;mainClass&quot;: &quot;XCUITestDriver&quot;,
dbug Appium       &quot;scripts&quot;: {
dbug Appium         &quot;build-wda&quot;: &quot;./scripts/build-wda.js&quot;,
dbug Appium         &quot;open-wda&quot;: &quot;./scripts/open-wda.js&quot;,
dbug Appium         &quot;tunnel-creation&quot;: &quot;./scripts/tunnel-creation.mjs&quot;,
dbug Appium         &quot;download-wda-sim&quot;: &quot;./scripts/download-wda-sim.mjs&quot;
dbug Appium       },
dbug Appium       &quot;schema&quot;: {
dbug Appium         &quot;$schema&quot;: &quot;http://json-schema.org/draft-07/schema&quot;,
dbug Appium         &quot;type&quot;: &quot;object&quot;,
dbug Appium         &quot;properties&quot;: {
dbug Appium           &quot;webdriveragent-port&quot;: {
dbug Appium             &quot;appiumCliDest&quot;: &quot;wdaLocalPort&quot;,
dbug Appium             &quot;default&quot;: 8100,
dbug Appium             &quot;description&quot;: &quot;Local port used for communication with WebDriverAgent&quot;,
dbug Appium             &quot;maximum&quot;: 65535,
dbug Appium             &quot;minimum&quot;: 1,
dbug Appium             &quot;type&quot;: &quot;integer&quot;
dbug Appium           }
dbug Appium         },
dbug Appium         &quot;additionalProperties&quot;: false,
dbug Appium         &quot;title&quot;: &quot;XCUITest Driver Configuration&quot;,
dbug Appium         &quot;description&quot;: &quot;Appium configuration schema for the XCUITest driver.&quot;,
dbug Appium         &quot;$id&quot;: &quot;driver-xcuitest.json&quot;
dbug Appium       },
dbug Appium       &quot;doctor&quot;: {
dbug Appium         &quot;checks&quot;: [
dbug Appium           &quot;./build/lib/doctor/required-checks.js&quot;,
dbug Appium           &quot;./build/lib/doctor/optional-checks.js&quot;
dbug Appium         ]
dbug Appium       }
dbug Appium     }
dbug Appium   },
dbug Appium   &quot;plugins&quot;: {},
dbug Appium   &quot;schemaRev&quot;: 4
dbug Appium }
info Appium Welcome to Appium v2.5.4
info Appium Non-default server args:
info Appium { address: [32m&apos;127.0.0.1&apos;[39m }
dbug Appium The autodetected Appium home path: C:\Users\Tops\.appium
info Appium Attempting to load driver uiautomator2...
info Appium Attempting to load driver xcuitest...
dbug Appium Requiring driver at C:\Users\Tops\.appium\node_modules\appium-uiautomator2-driver\build\index.js
]
	at io.appium.java_client.service.local.AppiumDriverLocalService.start(AppiumDriverLocalService.java:203)
	at com.apm.FirstDemo.base(FirstDemo.java:43)
	at java.base/jdk.internal.reflect.DirectMethodHandleAccessor.invoke(DirectMethodHandleAccessor.java:104)
	at java.base/java.lang.reflect.Method.invoke(Method.java:565)
	at org.testng.internal.invokers.MethodInvocationHelper.invokeMethod(MethodInvocationHelper.java:139)
	at org.testng.internal.invokers.MethodInvocationHelper.invokeMethodConsideringTimeout(MethodInvocationHelper.java:69)
	at org.testng.internal.invokers.ConfigInvoker.invokeConfigurationMethod(ConfigInvoker.java:390)
	at org.testng.internal.invokers.ConfigInvoker.invokeConfigurations(ConfigInvoker.java:325)
	at org.testng.internal.invokers.TestMethodWorker.invokeBeforeClassMethods(TestMethodWorker.java:180)
	at org.testng.internal.invokers.TestMethodWorker.run(TestMethodWorker.java:122)
	at java.base/java.util.ArrayList.forEach(ArrayList.java:1604)
	at org.testng.TestRunner.privateRun(TestRunner.java:848)
	at org.testng.TestRunner.run(TestRunner.java:621)
	at org.testng.SuiteRunner.runTest(SuiteRunner.java:443)
	at org.testng.SuiteRunner.runSequentially(SuiteRunner.java:437)
	at org.testng.SuiteRunner.privateRun(SuiteRunner.java:397)
	at org.testng.SuiteRunner.run(SuiteRunner.java:336)
	at org.testng.SuiteRunnerWorker.runSuite(SuiteRunnerWorker.java:52)
	at org.testng.SuiteRunnerWorker.run(SuiteRunnerWorker.java:95)
	at org.testng.TestNG.runSuitesSequentially(TestNG.java:1280)
	at org.testng.TestNG.runSuitesLocally(TestNG.java:1200)
	at org.testng.TestNG.runSuites(TestNG.java:1114)
	at org.testng.TestNG.run(TestNG.java:1082)
	at org.testng.remote.AbstractRemoteTestNG.run(AbstractRemoteTestNG.java:115)
	at org.testng.remote.RemoteTestNG.initAndRun(RemoteTestNG.java:293)
	at org.testng.remote.RemoteTestNG.main(RemoteTestNG.java:91)
Caused by: org.openqa.selenium.net.UrlChecker$TimeoutException: Timed out waiting for [http://127.0.0.1:4723/status] to be available after 20015 ms
	at org.openqa.selenium.net.UrlChecker.waitUntilAvailable(UrlChecker.java:94)
	at io.appium.java_client.service.local.AppiumDriverLocalService.ping(AppiumDriverLocalService.java:157)
	at io.appium.java_client.service.local.AppiumDriverLocalService.start(AppiumDriverLocalService.java:182)
	... 25 more
Caused by: java.util.concurrent.TimeoutException
	at java.base/java.util.concurrent.FutureTask.get(FutureTask.java:206)
	at org.openqa.selenium.net.UrlChecker.waitUntilAvailable(UrlChecker.java:91)
	... 27 more
</pre></div></td>
<td>0</td>
<td>com.apm.SeekBarDemo@6379eb</td></tr>
</table><p>
</body>
</html>