<?xml version="1.0" encoding="UTF-8"?>
<testng-results ignored="0" total="1" passed="0" failed="0" skipped="1">
  <reporter-output>
  </reporter-output>
  <suite started-at="2026-01-27T11:20:22 IST" name="Default suite" finished-at="2026-01-27T11:20:44 IST" duration-ms="21681">
    <groups>
    </groups>
    <test started-at="2026-01-27T11:20:22 IST" name="Default test" finished-at="2026-01-27T11:20:44 IST" duration-ms="21681">
      <class name="com.apm.SeekBarDemo">
        <test-method is-config="true" signature="base()[pri:0, instance:com.apm.SeekBarDemo@6379eb]" started-at="2026-01-27T11:20:22 IST" name="base" finished-at="2026-01-27T11:20:44 IST" duration-ms="21440" status="FAIL">
          <exception class="io.appium.java_client.service.local.AppiumServerHasNotBeenStartedLocallyException">
            <message>
              <![CDATA[[The local appium server has not been started, Reason: Timed out waiting for [http://127.0.0.1:4723/status] to be available after 20015 ms, Consider increasing the server startup timeout value (currently 20000ms), Node.js executable path: C:\Program Files\nodejs\node.exe, Arguments: [C:\Users\Tops\AppData\Roaming\npm\node_modules\appium\build\lib\main.js, --port, 4723, --address, 127.0.0.1], Output: dbug Appium Parsed manifest file at C:\Users\Tops\.appium\node_modules\.cache\appium\extensions.yaml: {
dbug Appium   "drivers": {
dbug Appium     "uiautomator2": {
dbug Appium       "pkgName": "appium-uiautomator2-driver",
dbug Appium       "version": "4.2.9",
dbug Appium       "installType": "npm",
dbug Appium       "installSpec": "uiautomator2",
dbug Appium       "installPath": "C:\\Users\\Tops\\.appium\\node_modules\\appium-uiautomator2-driver",
dbug Appium       "appiumVersion": "^2.4.1 || ^3.0.0-beta.0",
dbug Appium       "automationName": "UiAutomator2",
dbug Appium       "platformNames": [
dbug Appium         "Android"
dbug Appium       ],
dbug Appium       "mainClass": "AndroidUiautomator2Driver",
dbug Appium       "scripts": {
dbug Appium         "reset": "scripts/reset.js"
dbug Appium       },
dbug Appium       "doctor": {
dbug Appium         "checks": [
dbug Appium           "./build/lib/doctor/required-checks.js",
dbug Appium           "./build/lib/doctor/optional-checks.js"
dbug Appium         ]
dbug Appium       }
dbug Appium     },
dbug Appium     "xcuitest": {
dbug Appium       "pkgName": "appium-xcuitest-driver",
dbug Appium       "version": "9.10.5",
dbug Appium       "installType": "npm",
dbug Appium       "installSpec": "xcuitest",
dbug Appium       "installPath": "C:\\Users\\Tops\\.appium\\node_modules\\appium-xcuitest-driver",
dbug Appium       "appiumVersion": "^2.5.4",
dbug Appium       "automationName": "XCUITest",
dbug Appium       "platformNames": [
dbug Appium         "iOS",
dbug Appium         "tvOS"
dbug Appium       ],
dbug Appium       "mainClass": "XCUITestDriver",
dbug Appium       "scripts": {
dbug Appium         "build-wda": "./scripts/build-wda.js",
dbug Appium         "open-wda": "./scripts/open-wda.js",
dbug Appium         "tunnel-creation": "./scripts/tunnel-creation.mjs",
dbug Appium         "download-wda-sim": "./scripts/download-wda-sim.mjs"
dbug Appium       },
dbug Appium       "schema": {
dbug Appium         "$schema": "http://json-schema.org/draft-07/schema",
dbug Appium         "type": "object",
dbug Appium         "properties": {
dbug Appium           "webdriveragent-port": {
dbug Appium             "appiumCliDest": "wdaLocalPort",
dbug Appium             "default": 8100,
dbug Appium             "description": "Local port used for communication with WebDriverAgent",
dbug Appium             "maximum": 65535,
dbug Appium             "minimum": 1,
dbug Appium             "type": "integer"
dbug Appium           }
dbug Appium         },
dbug Appium         "additionalProperties": false,
dbug Appium         "title": "XCUITest Driver Configuration",
dbug Appium         "description": "Appium configuration schema for the XCUITest driver.",
dbug Appium         "$id": "driver-xcuitest.json"
dbug Appium       },
dbug Appium       "doctor": {
dbug Appium         "checks": [
dbug Appium           "./build/lib/doctor/required-checks.js",
dbug Appium           "./build/lib/doctor/optional-checks.js"
dbug Appium         ]
dbug Appium       }
dbug Appium     }
dbug Appium   },
dbug Appium   "plugins": {},
dbug Appium   "schemaRev": 4
dbug Appium }
info Appium Welcome to Appium v2.5.4
info Appium Non-default server args:
info Appium { address: [32m'127.0.0.1'[39m }
dbug Appium The autodetected Appium home path: C:\Users\Tops\.appium
info Appium Attempting to load driver uiautomator2...
info Appium Attempting to load driver xcuitest...
dbug Appium Requiring driver at C:\Users\Tops\.appium\node_modules\appium-uiautomator2-driver\build\index.js
]]]>
            </message>
            <full-stacktrace>
              <![CDATA[io.appium.java_client.service.local.AppiumServerHasNotBeenStartedLocallyException: [The local appium server has not been started, Reason: Timed out waiting for [http://127.0.0.1:4723/status] to be available after 20015 ms, Consider increasing the server startup timeout value (currently 20000ms), Node.js executable path: C:\Program Files\nodejs\node.exe, Arguments: [C:\Users\Tops\AppData\Roaming\npm\node_modules\appium\build\lib\main.js, --port, 4723, --address, 127.0.0.1], Output: dbug Appium Parsed manifest file at C:\Users\Tops\.appium\node_modules\.cache\appium\extensions.yaml: {
dbug Appium   "drivers": {
dbug Appium     "uiautomator2": {
dbug Appium       "pkgName": "appium-uiautomator2-driver",
dbug Appium       "version": "4.2.9",
dbug Appium       "installType": "npm",
dbug Appium       "installSpec": "uiautomator2",
dbug Appium       "installPath": "C:\\Users\\Tops\\.appium\\node_modules\\appium-uiautomator2-driver",
dbug Appium       "appiumVersion": "^2.4.1 || ^3.0.0-beta.0",
dbug Appium       "automationName": "UiAutomator2",
dbug Appium       "platformNames": [
dbug Appium         "Android"
dbug Appium       ],
dbug Appium       "mainClass": "AndroidUiautomator2Driver",
dbug Appium       "scripts": {
dbug Appium         "reset": "scripts/reset.js"
dbug Appium       },
dbug Appium       "doctor": {
dbug Appium         "checks": [
dbug Appium           "./build/lib/doctor/required-checks.js",
dbug Appium           "./build/lib/doctor/optional-checks.js"
dbug Appium         ]
dbug Appium       }
dbug Appium     },
dbug Appium     "xcuitest": {
dbug Appium       "pkgName": "appium-xcuitest-driver",
dbug Appium       "version": "9.10.5",
dbug Appium       "installType": "npm",
dbug Appium       "installSpec": "xcuitest",
dbug Appium       "installPath": "C:\\Users\\Tops\\.appium\\node_modules\\appium-xcuitest-driver",
dbug Appium       "appiumVersion": "^2.5.4",
dbug Appium       "automationName": "XCUITest",
dbug Appium       "platformNames": [
dbug Appium         "iOS",
dbug Appium         "tvOS"
dbug Appium       ],
dbug Appium       "mainClass": "XCUITestDriver",
dbug Appium       "scripts": {
dbug Appium         "build-wda": "./scripts/build-wda.js",
dbug Appium         "open-wda": "./scripts/open-wda.js",
dbug Appium         "tunnel-creation": "./scripts/tunnel-creation.mjs",
dbug Appium         "download-wda-sim": "./scripts/download-wda-sim.mjs"
dbug Appium       },
dbug Appium       "schema": {
dbug Appium         "$schema": "http://json-schema.org/draft-07/schema",
dbug Appium         "type": "object",
dbug Appium         "properties": {
dbug Appium           "webdriveragent-port": {
dbug Appium             "appiumCliDest": "wdaLocalPort",
dbug Appium             "default": 8100,
dbug Appium             "description": "Local port used for communication with WebDriverAgent",
dbug Appium             "maximum": 65535,
dbug Appium             "minimum": 1,
dbug Appium             "type": "integer"
dbug Appium           }
dbug Appium         },
dbug Appium         "additionalProperties": false,
dbug Appium         "title": "XCUITest Driver Configuration",
dbug Appium         "description": "Appium configuration schema for the XCUITest driver.",
dbug Appium         "$id": "driver-xcuitest.json"
dbug Appium       },
dbug Appium       "doctor": {
dbug Appium         "checks": [
dbug Appium           "./build/lib/doctor/required-checks.js",
dbug Appium           "./build/lib/doctor/optional-checks.js"
dbug Appium         ]
dbug Appium       }
dbug Appium     }
dbug Appium   },
dbug Appium   "plugins": {},
dbug Appium   "schemaRev": 4
dbug Appium }
info Appium Welcome to Appium v2.5.4
info Appium Non-default server args:
info Appium { address: [32m'127.0.0.1'[39m }
dbug Appium The autodetected Appium home path: C:\Users\Tops\.appium
info Appium Attempting to load driver uiautomator2...
info Appium Attempting to load driver xcuitest...
dbug Appium Requiring driver at C:\Users\Tops\.appium\node_modules\appium-uiautomator2-driver\build\index.js
]
at io.appium.java_client.service.local.AppiumDriverLocalService.start(AppiumDriverLocalService.java:203)
at com.apm.FirstDemo.base(FirstDemo.java:43)
at java.base/jdk.internal.reflect.DirectMethodHandleAccessor.invoke(DirectMethodHandleAccessor.java:104)
at java.base/java.lang.reflect.Method.invoke(Method.java:565)
at org.testng.internal.invokers.MethodInvocationHelper.invokeMethod(MethodInvocationHelper.java:139)
at org.testng.internal.invokers.MethodInvocationHelper.invokeMethodConsideringTimeout(MethodInvocationHelper.java:69)
at org.testng.internal.invokers.ConfigInvoker.invokeConfigurationMethod(ConfigInvoker.java:390)
at org.testng.internal.invokers.ConfigInvoker.invokeConfigurations(ConfigInvoker.java:325)
at org.testng.internal.invokers.TestMethodWorker.invokeBeforeClassMethods(TestMethodWorker.java:180)
at org.testng.internal.invokers.TestMethodWorker.run(TestMethodWorker.java:122)
at java.base/java.util.ArrayList.forEach(ArrayList.java:1604)
at org.testng.TestRunner.privateRun(TestRunner.java:848)
at org.testng.TestRunner.run(TestRunner.java:621)
at org.testng.SuiteRunner.runTest(SuiteRunner.java:443)
at org.testng.SuiteRunner.runSequentially(SuiteRunner.java:437)
at org.testng.SuiteRunner.privateRun(SuiteRunner.java:397)
at org.testng.SuiteRunner.run(SuiteRunner.java:336)
at org.testng.SuiteRunnerWorker.runSuite(SuiteRunnerWorker.java:52)
at org.testng.SuiteRunnerWorker.run(SuiteRunnerWorker.java:95)
at org.testng.TestNG.runSuitesSequentially(TestNG.java:1280)
at org.testng.TestNG.runSuitesLocally(TestNG.java:1200)
at org.testng.TestNG.runSuites(TestNG.java:1114)
at org.testng.TestNG.run(TestNG.java:1082)
at org.testng.remote.AbstractRemoteTestNG.run(AbstractRemoteTestNG.java:115)
at org.testng.remote.RemoteTestNG.initAndRun(RemoteTestNG.java:293)
at org.testng.remote.RemoteTestNG.main(RemoteTestNG.java:91)
Caused by: org.openqa.selenium.net.UrlChecker$TimeoutException: Timed out waiting for [http://127.0.0.1:4723/status] to be available after 20015 ms
at org.openqa.selenium.net.UrlChecker.waitUntilAvailable(UrlChecker.java:94)
at io.appium.java_client.service.local.AppiumDriverLocalService.ping(AppiumDriverLocalService.java:157)
at io.appium.java_client.service.local.AppiumDriverLocalService.start(AppiumDriverLocalService.java:182)
... 25 more
Caused by: java.util.concurrent.TimeoutException
at java.base/java.util.concurrent.FutureTask.get(FutureTask.java:206)
at org.openqa.selenium.net.UrlChecker.waitUntilAvailable(UrlChecker.java:91)
... 27 more
]]>
            </full-stacktrace>
          </exception> <!-- io.appium.java_client.service.local.AppiumServerHasNotBeenStartedLocallyException -->
          <reporter-output>
          </reporter-output>
        </test-method> <!-- base -->
        <test-method signature="sb()[pri:0, instance:com.apm.SeekBarDemo@6379eb]" started-at="2026-01-27T11:20:44 IST" name="sb" finished-at="2026-01-27T11:20:44 IST" duration-ms="0" status="SKIP">
          <exception class="io.appium.java_client.service.local.AppiumServerHasNotBeenStartedLocallyException">
            <message>
              <![CDATA[[The local appium server has not been started, Reason: Timed out waiting for [http://127.0.0.1:4723/status] to be available after 20015 ms, Consider increasing the server startup timeout value (currently 20000ms), Node.js executable path: C:\Program Files\nodejs\node.exe, Arguments: [C:\Users\Tops\AppData\Roaming\npm\node_modules\appium\build\lib\main.js, --port, 4723, --address, 127.0.0.1], Output: dbug Appium Parsed manifest file at C:\Users\Tops\.appium\node_modules\.cache\appium\extensions.yaml: {
dbug Appium   "drivers": {
dbug Appium     "uiautomator2": {
dbug Appium       "pkgName": "appium-uiautomator2-driver",
dbug Appium       "version": "4.2.9",
dbug Appium       "installType": "npm",
dbug Appium       "installSpec": "uiautomator2",
dbug Appium       "installPath": "C:\\Users\\Tops\\.appium\\node_modules\\appium-uiautomator2-driver",
dbug Appium       "appiumVersion": "^2.4.1 || ^3.0.0-beta.0",
dbug Appium       "automationName": "UiAutomator2",
dbug Appium       "platformNames": [
dbug Appium         "Android"
dbug Appium       ],
dbug Appium       "mainClass": "AndroidUiautomator2Driver",
dbug Appium       "scripts": {
dbug Appium         "reset": "scripts/reset.js"
dbug Appium       },
dbug Appium       "doctor": {
dbug Appium         "checks": [
dbug Appium           "./build/lib/doctor/required-checks.js",
dbug Appium           "./build/lib/doctor/optional-checks.js"
dbug Appium         ]
dbug Appium       }
dbug Appium     },
dbug Appium     "xcuitest": {
dbug Appium       "pkgName": "appium-xcuitest-driver",
dbug Appium       "version": "9.10.5",
dbug Appium       "installType": "npm",
dbug Appium       "installSpec": "xcuitest",
dbug Appium       "installPath": "C:\\Users\\Tops\\.appium\\node_modules\\appium-xcuitest-driver",
dbug Appium       "appiumVersion": "^2.5.4",
dbug Appium       "automationName": "XCUITest",
dbug Appium       "platformNames": [
dbug Appium         "iOS",
dbug Appium         "tvOS"
dbug Appium       ],
dbug Appium       "mainClass": "XCUITestDriver",
dbug Appium       "scripts": {
dbug Appium         "build-wda": "./scripts/build-wda.js",
dbug Appium         "open-wda": "./scripts/open-wda.js",
dbug Appium         "tunnel-creation": "./scripts/tunnel-creation.mjs",
dbug Appium         "download-wda-sim": "./scripts/download-wda-sim.mjs"
dbug Appium       },
dbug Appium       "schema": {
dbug Appium         "$schema": "http://json-schema.org/draft-07/schema",
dbug Appium         "type": "object",
dbug Appium         "properties": {
dbug Appium           "webdriveragent-port": {
dbug Appium             "appiumCliDest": "wdaLocalPort",
dbug Appium             "default": 8100,
dbug Appium             "description": "Local port used for communication with WebDriverAgent",
dbug Appium             "maximum": 65535,
dbug Appium             "minimum": 1,
dbug Appium             "type": "integer"
dbug Appium           }
dbug Appium         },
dbug Appium         "additionalProperties": false,
dbug Appium         "title": "XCUITest Driver Configuration",
dbug Appium         "description": "Appium configuration schema for the XCUITest driver.",
dbug Appium         "$id": "driver-xcuitest.json"
dbug Appium       },
dbug Appium       "doctor": {
dbug Appium         "checks": [
dbug Appium           "./build/lib/doctor/required-checks.js",
dbug Appium           "./build/lib/doctor/optional-checks.js"
dbug Appium         ]
dbug Appium       }
dbug Appium     }
dbug Appium   },
dbug Appium   "plugins": {},
dbug Appium   "schemaRev": 4
dbug Appium }
info Appium Welcome to Appium v2.5.4
info Appium Non-default server args:
info Appium { address: [32m'127.0.0.1'[39m }
dbug Appium The autodetected Appium home path: C:\Users\Tops\.appium
info Appium Attempting to load driver uiautomator2...
info Appium Attempting to load driver xcuitest...
dbug Appium Requiring driver at C:\Users\Tops\.appium\node_modules\appium-uiautomator2-driver\build\index.js
]]]>
            </message>
            <full-stacktrace>
              <![CDATA[io.appium.java_client.service.local.AppiumServerHasNotBeenStartedLocallyException: [The local appium server has not been started, Reason: Timed out waiting for [http://127.0.0.1:4723/status] to be available after 20015 ms, Consider increasing the server startup timeout value (currently 20000ms), Node.js executable path: C:\Program Files\nodejs\node.exe, Arguments: [C:\Users\Tops\AppData\Roaming\npm\node_modules\appium\build\lib\main.js, --port, 4723, --address, 127.0.0.1], Output: dbug Appium Parsed manifest file at C:\Users\Tops\.appium\node_modules\.cache\appium\extensions.yaml: {
dbug Appium   "drivers": {
dbug Appium     "uiautomator2": {
dbug Appium       "pkgName": "appium-uiautomator2-driver",
dbug Appium       "version": "4.2.9",
dbug Appium       "installType": "npm",
dbug Appium       "installSpec": "uiautomator2",
dbug Appium       "installPath": "C:\\Users\\Tops\\.appium\\node_modules\\appium-uiautomator2-driver",
dbug Appium       "appiumVersion": "^2.4.1 || ^3.0.0-beta.0",
dbug Appium       "automationName": "UiAutomator2",
dbug Appium       "platformNames": [
dbug Appium         "Android"
dbug Appium       ],
dbug Appium       "mainClass": "AndroidUiautomator2Driver",
dbug Appium       "scripts": {
dbug Appium         "reset": "scripts/reset.js"
dbug Appium       },
dbug Appium       "doctor": {
dbug Appium         "checks": [
dbug Appium           "./build/lib/doctor/required-checks.js",
dbug Appium           "./build/lib/doctor/optional-checks.js"
dbug Appium         ]
dbug Appium       }
dbug Appium     },
dbug Appium     "xcuitest": {
dbug Appium       "pkgName": "appium-xcuitest-driver",
dbug Appium       "version": "9.10.5",
dbug Appium       "installType": "npm",
dbug Appium       "installSpec": "xcuitest",
dbug Appium       "installPath": "C:\\Users\\Tops\\.appium\\node_modules\\appium-xcuitest-driver",
dbug Appium       "appiumVersion": "^2.5.4",
dbug Appium       "automationName": "XCUITest",
dbug Appium       "platformNames": [
dbug Appium         "iOS",
dbug Appium         "tvOS"
dbug Appium       ],
dbug Appium       "mainClass": "XCUITestDriver",
dbug Appium       "scripts": {
dbug Appium         "build-wda": "./scripts/build-wda.js",
dbug Appium         "open-wda": "./scripts/open-wda.js",
dbug Appium         "tunnel-creation": "./scripts/tunnel-creation.mjs",
dbug Appium         "download-wda-sim": "./scripts/download-wda-sim.mjs"
dbug Appium       },
dbug Appium       "schema": {
dbug Appium         "$schema": "http://json-schema.org/draft-07/schema",
dbug Appium         "type": "object",
dbug Appium         "properties": {
dbug Appium           "webdriveragent-port": {
dbug Appium             "appiumCliDest": "wdaLocalPort",
dbug Appium             "default": 8100,
dbug Appium             "description": "Local port used for communication with WebDriverAgent",
dbug Appium             "maximum": 65535,
dbug Appium             "minimum": 1,
dbug Appium             "type": "integer"
dbug Appium           }
dbug Appium         },
dbug Appium         "additionalProperties": false,
dbug Appium         "title": "XCUITest Driver Configuration",
dbug Appium         "description": "Appium configuration schema for the XCUITest driver.",
dbug Appium         "$id": "driver-xcuitest.json"
dbug Appium       },
dbug Appium       "doctor": {
dbug Appium         "checks": [
dbug Appium           "./build/lib/doctor/required-checks.js",
dbug Appium           "./build/lib/doctor/optional-checks.js"
dbug Appium         ]
dbug Appium       }
dbug Appium     }
dbug Appium   },
dbug Appium   "plugins": {},
dbug Appium   "schemaRev": 4
dbug Appium }
info Appium Welcome to Appium v2.5.4
info Appium Non-default server args:
info Appium { address: [32m'127.0.0.1'[39m }
dbug Appium The autodetected Appium home path: C:\Users\Tops\.appium
info Appium Attempting to load driver uiautomator2...
info Appium Attempting to load driver xcuitest...
dbug Appium Requiring driver at C:\Users\Tops\.appium\node_modules\appium-uiautomator2-driver\build\index.js
]
at io.appium.java_client.service.local.AppiumDriverLocalService.start(AppiumDriverLocalService.java:203)
at com.apm.FirstDemo.base(FirstDemo.java:43)
at java.base/jdk.internal.reflect.DirectMethodHandleAccessor.invoke(DirectMethodHandleAccessor.java:104)
at java.base/java.lang.reflect.Method.invoke(Method.java:565)
at org.testng.internal.invokers.MethodInvocationHelper.invokeMethod(MethodInvocationHelper.java:139)
at org.testng.internal.invokers.MethodInvocationHelper.invokeMethodConsideringTimeout(MethodInvocationHelper.java:69)
at org.testng.internal.invokers.ConfigInvoker.invokeConfigurationMethod(ConfigInvoker.java:390)
at org.testng.internal.invokers.ConfigInvoker.invokeConfigurations(ConfigInvoker.java:325)
at org.testng.internal.invokers.TestMethodWorker.invokeBeforeClassMethods(TestMethodWorker.java:180)
at org.testng.internal.invokers.TestMethodWorker.run(TestMethodWorker.java:122)
at java.base/java.util.ArrayList.forEach(ArrayList.java:1604)
at org.testng.TestRunner.privateRun(TestRunner.java:848)
at org.testng.TestRunner.run(TestRunner.java:621)
at org.testng.SuiteRunner.runTest(SuiteRunner.java:443)
at org.testng.SuiteRunner.runSequentially(SuiteRunner.java:437)
at org.testng.SuiteRunner.privateRun(SuiteRunner.java:397)
at org.testng.SuiteRunner.run(SuiteRunner.java:336)
at org.testng.SuiteRunnerWorker.runSuite(SuiteRunnerWorker.java:52)
at org.testng.SuiteRunnerWorker.run(SuiteRunnerWorker.java:95)
at org.testng.TestNG.runSuitesSequentially(TestNG.java:1280)
at org.testng.TestNG.runSuitesLocally(TestNG.java:1200)
at org.testng.TestNG.runSuites(TestNG.java:1114)
at org.testng.TestNG.run(TestNG.java:1082)
at org.testng.remote.AbstractRemoteTestNG.run(AbstractRemoteTestNG.java:115)
at org.testng.remote.RemoteTestNG.initAndRun(RemoteTestNG.java:293)
at org.testng.remote.RemoteTestNG.main(RemoteTestNG.java:91)
Caused by: org.openqa.selenium.net.UrlChecker$TimeoutException: Timed out waiting for [http://127.0.0.1:4723/status] to be available after 20015 ms
at org.openqa.selenium.net.UrlChecker.waitUntilAvailable(UrlChecker.java:94)
at io.appium.java_client.service.local.AppiumDriverLocalService.ping(AppiumDriverLocalService.java:157)
at io.appium.java_client.service.local.AppiumDriverLocalService.start(AppiumDriverLocalService.java:182)
... 25 more
Caused by: java.util.concurrent.TimeoutException
at java.base/java.util.concurrent.FutureTask.get(FutureTask.java:206)
at org.openqa.selenium.net.UrlChecker.waitUntilAvailable(UrlChecker.java:91)
... 27 more
]]>
            </full-stacktrace>
          </exception> <!-- io.appium.java_client.service.local.AppiumServerHasNotBeenStartedLocallyException -->
          <reporter-output>
          </reporter-output>
        </test-method> <!-- sb -->
        <test-method is-config="true" signature="close()[pri:0, instance:com.apm.SeekBarDemo@6379eb]" started-at="2026-01-27T11:20:44 IST" name="close" finished-at="2026-01-27T11:20:44 IST" duration-ms="0" status="SKIP">
          <reporter-output>
          </reporter-output>
        </test-method> <!-- close -->
      </class> <!-- com.apm.SeekBarDemo -->
    </test> <!-- Default test -->
  </suite> <!-- Default suite -->
</testng-results>
