<?xml version="1.0" encoding="UTF-8"?>
<testng-results ignored="0" total="1" passed="1" failed="0" skipped="0">
  <reporter-output>
  </reporter-output>
  <suite started-at="2026-01-23T09:55:39 IST" name="Default suite" finished-at="2026-01-23T09:56:10 IST" duration-ms="31623">
    <groups>
    </groups>
    <test started-at="2026-01-23T09:55:39 IST" name="Default test" finished-at="2026-01-23T09:56:10 IST" duration-ms="31623">
      <class name="com.apm.SeekBarDemo">
        <test-method is-config="true" signature="base()[pri:0, instance:com.apm.SeekBarDemo@6379eb]" started-at="2026-01-23T09:55:39 IST" name="base" finished-at="2026-01-23T09:55:52 IST" duration-ms="13715" status="PASS">
          <reporter-output>
          </reporter-output>
        </test-method> <!-- base -->
        <test-method signature="sb()[pri:0, instance:com.apm.SeekBarDemo@6379eb]" started-at="2026-01-23T09:55:52 IST" name="sb" finished-at="2026-01-23T09:56:09 IST" duration-ms="16275" status="PASS">
          <reporter-output>
          </reporter-output>
        </test-method> <!-- sb -->
        <test-method is-config="true" signature="close()[pri:0, instance:com.apm.SeekBarDemo@6379eb]" started-at="2026-01-23T09:56:09 IST" name="close" finished-at="2026-01-23T09:56:10 IST" duration-ms="1535" status="PASS">
          <reporter-output>
          </reporter-output>
        </test-method> <!-- close -->
      </class> <!-- com.apm.SeekBarDemo -->
    </test> <!-- Default test -->
  </suite> <!-- Default suite -->
</testng-results>
